<?xml version="1.0" encoding="UTF-8"?>
<!-- Generated by org.testng.reporters.JUnitReportReporter -->
<testsuite hostname="LAPTOP-U7HBVMA8" name="com.tyss.Orangerpm.script.CreateCustomer" tests="1" failures="0" timestamp="13 Oct 2020 06:10:34 GMT" time="20.168" errors="0">
  <testcase name="CreateCustomer" time="20.168" classname="com.tyss.Orangerpm.script.CreateCustomer"/>
</testsuite> <!-- com.tyss.Orangerpm.script.CreateCustomer -->
