<?xml version="1.0" encoding="UTF-8"?>
<!-- Generated by org.testng.reporters.JUnitReportReporter -->
<testsuite hostname="LAPTOP-U7HBVMA8" name="com.tyss.Orangerpm.script.DeleteCustomer" tests="1" failures="0" timestamp="13 Oct 2020 06:13:56 GMT" time="18.436" errors="0">
  <testcase name="CreateCustomer" time="18.436" classname="com.tyss.Orangerpm.script.DeleteCustomer"/>
</testsuite> <!-- com.tyss.Orangerpm.script.DeleteCustomer -->
